********************************************************************************
DUPLICATOR-LITE PACKAGE-LOG: September 8, 2023 1:26 pm
NOTICE: Do NOT post to public sites or forums 
********************************************************************************
VERSION:	1.5.5.1
WORDPRESS:	6.3.1
PHP INFO:	8.2.8 | SAPI: fpm-fcgi
SERVER:		nginx/1.16.0 
PHP TIME LIMIT: (0) no time limit imposed 
PHP MAX MEMORY: 4294967296 (256M default) 
MEMORY STACK: 12MB

********************************************************************************
DATABASE:
********************************************************************************
BUILD MODE:   PHP(query limit - 100)
MYSQLTIMEOUT: 5000
MYSQLDUMP:    Not Supported
TABLES: total:21 | filtered:0 | create:21
FILTERED: []
SQL CREATED: 20230908_lizartworks_312f82bb4d631a4b4054_20230908132626_database.sql
SQL FILE SIZE: 9.23MB (9676092)
SQL FILE TIME: 2023-09-08 13:26:34
SQL RUNTIME: 0.42 sec.

********************************************************************************
ARCHIVE (ZIP):
********************************************************************************
ARCHIVE DIR:  /Users/jmenor/Sites/lizartworks/app/public
ARCHIVE FILE: 20230908_lizartworks_312f82bb4d631a4b4054_20230908132626_archive.zip
FILTERS: *OFF*
DIRS:
	not set
FILES:
	not set
EXTS:  not set
----------------------------------------
COMPRESSING
SIZE:	155.71MB
STATS:	Dirs 1,424 | Files 7,114
SQL ADDED: 20230908_lizartworks_312f82bb4d631a4b4054_20230908132626_database.sql
ZipArchive Object
(
    [lastId] => 8537
    [status] => 0
    [statusSys] => 0
    [numFiles] => 8538
    [filename] => /Users/jmenor/Sites/lizartworks/app/public/wp-content/backups-dup-lite/tmp/20230908_lizartworks_312f82bb4d631a4b4054_20230908132626_archive.zip
    [comment] => 
)

FILE ADDED TO ZIP: 8537
COMPRESSION RESULT: '1'
COMPRESSED SIZE: 53.09MB
ARCHIVE RUNTIME: 25.28 sec.
MEMORY STACK: 14MB
building installer
ARCHIVE CONSISTENCY TEST: PASS

********************************************************************************
INTEGRITY CHECKS:
********************************************************************************
SQL FILE: 9.23MB
INSTALLER FILE: 73.48KB
ARCHIVE FILE: 54.99MB 
EXPECTED FILE/DIRECTORY COUNT: 8,538
ACTUAL FILE/DIRECTORY COUNT: 8,537
ARCHIVE CONSISTENCY TEST: Pass

********************************************************************************
RECORD ID:[2]
TOTAL PROCESS RUNTIME: 38.14 sec.
PEAK PHP MEMORY USED: 30.3MB
DONE PROCESSING => 20230908_lizartworks September 8, 2023 1:27 pm

