********************************************************************************
DUPLICATOR-LITE PACKAGE-LOG: September 12, 2023 12:25 pm
NOTICE: Do NOT post to public sites or forums 
********************************************************************************
VERSION:	1.5.5.1
WORDPRESS:	6.3.1
PHP INFO:	8.2.8 | SAPI: fpm-fcgi
SERVER:		nginx/1.16.0 
PHP TIME LIMIT: (0) no time limit imposed 
PHP MAX MEMORY: 4294967296 (256M default) 
MEMORY STACK: 10MB

********************************************************************************
DATABASE:
********************************************************************************
BUILD MODE:   PHP(query limit - 100)
MYSQLTIMEOUT: 5000
MYSQLDUMP:    Not Supported
TABLES: total:21 | filtered:0 | create:21
FILTERED: []
SQL CREATED: 20230908_lizartworks_ec656c2605cde8b99993_20230912121806_database.sql
SQL FILE SIZE: 9.16MB (9599982)
SQL FILE TIME: 2023-09-12 12:25:45
SQL RUNTIME: 0.34 sec.

********************************************************************************
ARCHIVE (ZIP):
********************************************************************************
ARCHIVE DIR:  /Users/jmenor/Sites/lizartworks/app/public
ARCHIVE FILE: 20230908_lizartworks_ec656c2605cde8b99993_20230912121806_archive.zip
FILTERS: *OFF*
DIRS:
	not set
FILES:
	not set
EXTS:  not set
----------------------------------------
COMPRESSING
SIZE:	155.71MB
STATS:	Dirs 1,424 | Files 7,114
SQL ADDED: 20230908_lizartworks_ec656c2605cde8b99993_20230912121806_database.sql
ZipArchive Object
(
    [lastId] => 8537
    [status] => 0
    [statusSys] => 0
    [numFiles] => 8538
    [filename] => /Users/jmenor/Sites/lizartworks/app/public/wp-content/backups-dup-lite/tmp/20230908_lizartworks_ec656c2605cde8b99993_20230912121806_archive.zip
    [comment] => 
)

FILE ADDED TO ZIP: 8537
COMPRESSION RESULT: '1'
COMPRESSED SIZE: 53.08MB
ARCHIVE RUNTIME: 18.93 sec.
MEMORY STACK: 12MB
building installer
ARCHIVE CONSISTENCY TEST: PASS

********************************************************************************
INTEGRITY CHECKS:
********************************************************************************
SQL FILE: 9.16MB
INSTALLER FILE: 73.48KB
ARCHIVE FILE: 54.98MB 
EXPECTED FILE/DIRECTORY COUNT: 8,538
ACTUAL FILE/DIRECTORY COUNT: 8,537
ARCHIVE CONSISTENCY TEST: Pass

********************************************************************************
RECORD ID:[3]
TOTAL PROCESS RUNTIME: 28.41 sec.
PEAK PHP MEMORY USED: 24.76MB
DONE PROCESSING => 20230908_lizartworks September 12, 2023 12:26 pm

